c:\users\ilay\source\repos\kmrootkit\kmrootkit\x64\release\vc143.pdb
c:\users\ilay\source\repos\kmrootkit\kmrootkit\x64\release\ssdthook.obj
c:\users\ilay\source\repos\kmrootkit\kmrootkit\x64\release\process.obj
c:\users\ilay\source\repos\kmrootkit\kmrootkit\x64\release\file.obj
c:\users\ilay\source\repos\kmrootkit\kmrootkit\x64\release\driver.obj
c:\users\ilay\source\repos\kmrootkit\x64\release\kmrootkit\kmrootkit.cat
c:\users\ilay\source\repos\kmrootkit\x64\release\kmrootkit.sys
c:\users\ilay\source\repos\kmrootkit\x64\release\kmrootkit.pdb
c:\users\ilay\source\repos\kmrootkit\kmrootkit\x64\release\kmrootkit.inf
c:\users\ilay\source\repos\kmrootkit\x64\release\kmrootkit.cer
c:\users\ilay\source\repos\kmrootkit\x64\release\kmrootkit.inf
c:\users\ilay\source\repos\kmrootkit\kmrootkit\x64\release\kmrootkit.tlog\cl.command.1.tlog
c:\users\ilay\source\repos\kmrootkit\kmrootkit\x64\release\kmrootkit.tlog\cl.read.1.tlog
c:\users\ilay\source\repos\kmrootkit\kmrootkit\x64\release\kmrootkit.tlog\cl.write.1.tlog
c:\users\ilay\source\repos\kmrootkit\kmrootkit\x64\release\kmrootkit.tlog\inf2cat-expand.10320.read.1.tlog
c:\users\ilay\source\repos\kmrootkit\kmrootkit\x64\release\kmrootkit.tlog\inf2cat-expand.10320.write.1.tlog
c:\users\ilay\source\repos\kmrootkit\kmrootkit\x64\release\kmrootkit.tlog\inf2cat-expand.11832.read.1.tlog
c:\users\ilay\source\repos\kmrootkit\kmrootkit\x64\release\kmrootkit.tlog\inf2cat-expand.11832.write.1.tlog
c:\users\ilay\source\repos\kmrootkit\kmrootkit\x64\release\kmrootkit.tlog\inf2cat-expand.11968.read.1.tlog
c:\users\ilay\source\repos\kmrootkit\kmrootkit\x64\release\kmrootkit.tlog\inf2cat-expand.11968.write.1.tlog
c:\users\ilay\source\repos\kmrootkit\kmrootkit\x64\release\kmrootkit.tlog\inf2cat-expand.13104.read.1.tlog
c:\users\ilay\source\repos\kmrootkit\kmrootkit\x64\release\kmrootkit.tlog\inf2cat-expand.13104.write.1.tlog
c:\users\ilay\source\repos\kmrootkit\kmrootkit\x64\release\kmrootkit.tlog\inf2cat-expand.14852.read.1.tlog
c:\users\ilay\source\repos\kmrootkit\kmrootkit\x64\release\kmrootkit.tlog\inf2cat-expand.14852.write.1.tlog
c:\users\ilay\source\repos\kmrootkit\kmrootkit\x64\release\kmrootkit.tlog\inf2cat-expand.15804.read.1.tlog
c:\users\ilay\source\repos\kmrootkit\kmrootkit\x64\release\kmrootkit.tlog\inf2cat-expand.15804.write.1.tlog
c:\users\ilay\source\repos\kmrootkit\kmrootkit\x64\release\kmrootkit.tlog\inf2cat-expand.16612.read.1.tlog
c:\users\ilay\source\repos\kmrootkit\kmrootkit\x64\release\kmrootkit.tlog\inf2cat-expand.16612.write.1.tlog
c:\users\ilay\source\repos\kmrootkit\kmrootkit\x64\release\kmrootkit.tlog\inf2cat-expand.17180.read.1.tlog
c:\users\ilay\source\repos\kmrootkit\kmrootkit\x64\release\kmrootkit.tlog\inf2cat-expand.17180.write.1.tlog
c:\users\ilay\source\repos\kmrootkit\kmrootkit\x64\release\kmrootkit.tlog\inf2cat-expand.18264.read.1.tlog
c:\users\ilay\source\repos\kmrootkit\kmrootkit\x64\release\kmrootkit.tlog\inf2cat-expand.18264.write.1.tlog
c:\users\ilay\source\repos\kmrootkit\kmrootkit\x64\release\kmrootkit.tlog\inf2cat-expand.18940.read.1.tlog
c:\users\ilay\source\repos\kmrootkit\kmrootkit\x64\release\kmrootkit.tlog\inf2cat-expand.18940.write.1.tlog
c:\users\ilay\source\repos\kmrootkit\kmrootkit\x64\release\kmrootkit.tlog\inf2cat-expand.20448.read.1.tlog
c:\users\ilay\source\repos\kmrootkit\kmrootkit\x64\release\kmrootkit.tlog\inf2cat-expand.20448.write.1.tlog
c:\users\ilay\source\repos\kmrootkit\kmrootkit\x64\release\kmrootkit.tlog\inf2cat-expand.22180.read.1.tlog
c:\users\ilay\source\repos\kmrootkit\kmrootkit\x64\release\kmrootkit.tlog\inf2cat-expand.22180.write.1.tlog
c:\users\ilay\source\repos\kmrootkit\kmrootkit\x64\release\kmrootkit.tlog\inf2cat-expand.22436.read.1.tlog
c:\users\ilay\source\repos\kmrootkit\kmrootkit\x64\release\kmrootkit.tlog\inf2cat-expand.22436.write.1.tlog
c:\users\ilay\source\repos\kmrootkit\kmrootkit\x64\release\kmrootkit.tlog\inf2cat-expand.23304.read.1.tlog
c:\users\ilay\source\repos\kmrootkit\kmrootkit\x64\release\kmrootkit.tlog\inf2cat-expand.23304.write.1.tlog
c:\users\ilay\source\repos\kmrootkit\kmrootkit\x64\release\kmrootkit.tlog\inf2cat-expand.24136.read.1.tlog
c:\users\ilay\source\repos\kmrootkit\kmrootkit\x64\release\kmrootkit.tlog\inf2cat-expand.24136.write.1.tlog
c:\users\ilay\source\repos\kmrootkit\kmrootkit\x64\release\kmrootkit.tlog\inf2cat-expand.24652.read.1.tlog
c:\users\ilay\source\repos\kmrootkit\kmrootkit\x64\release\kmrootkit.tlog\inf2cat-expand.24652.write.1.tlog
c:\users\ilay\source\repos\kmrootkit\kmrootkit\x64\release\kmrootkit.tlog\inf2cat-expand.24668.read.1.tlog
c:\users\ilay\source\repos\kmrootkit\kmrootkit\x64\release\kmrootkit.tlog\inf2cat-expand.24668.write.1.tlog
c:\users\ilay\source\repos\kmrootkit\kmrootkit\x64\release\kmrootkit.tlog\inf2cat-expand.26100.read.1.tlog
c:\users\ilay\source\repos\kmrootkit\kmrootkit\x64\release\kmrootkit.tlog\inf2cat-expand.26100.write.1.tlog
c:\users\ilay\source\repos\kmrootkit\kmrootkit\x64\release\kmrootkit.tlog\inf2cat-expand.26612.read.1.tlog
c:\users\ilay\source\repos\kmrootkit\kmrootkit\x64\release\kmrootkit.tlog\inf2cat-expand.26612.write.1.tlog
c:\users\ilay\source\repos\kmrootkit\kmrootkit\x64\release\kmrootkit.tlog\inf2cat-expand.29064.read.1.tlog
c:\users\ilay\source\repos\kmrootkit\kmrootkit\x64\release\kmrootkit.tlog\inf2cat-expand.29064.write.1.tlog
c:\users\ilay\source\repos\kmrootkit\kmrootkit\x64\release\kmrootkit.tlog\inf2cat-expand.29268.read.1.tlog
c:\users\ilay\source\repos\kmrootkit\kmrootkit\x64\release\kmrootkit.tlog\inf2cat-expand.29268.write.1.tlog
c:\users\ilay\source\repos\kmrootkit\kmrootkit\x64\release\kmrootkit.tlog\inf2cat-expand.31792.read.1.tlog
c:\users\ilay\source\repos\kmrootkit\kmrootkit\x64\release\kmrootkit.tlog\inf2cat-expand.31792.write.1.tlog
c:\users\ilay\source\repos\kmrootkit\kmrootkit\x64\release\kmrootkit.tlog\inf2cat-expand.32096.read.1.tlog
c:\users\ilay\source\repos\kmrootkit\kmrootkit\x64\release\kmrootkit.tlog\inf2cat-expand.32096.write.1.tlog
c:\users\ilay\source\repos\kmrootkit\kmrootkit\x64\release\kmrootkit.tlog\inf2cat-expand.32760.read.1.tlog
c:\users\ilay\source\repos\kmrootkit\kmrootkit\x64\release\kmrootkit.tlog\inf2cat-expand.32760.write.1.tlog
c:\users\ilay\source\repos\kmrootkit\kmrootkit\x64\release\kmrootkit.tlog\inf2cat-expand.3396.read.1.tlog
c:\users\ilay\source\repos\kmrootkit\kmrootkit\x64\release\kmrootkit.tlog\inf2cat-expand.3396.write.1.tlog
c:\users\ilay\source\repos\kmrootkit\kmrootkit\x64\release\kmrootkit.tlog\inf2cat-expand.34360.read.1.tlog
c:\users\ilay\source\repos\kmrootkit\kmrootkit\x64\release\kmrootkit.tlog\inf2cat-expand.34360.write.1.tlog
c:\users\ilay\source\repos\kmrootkit\kmrootkit\x64\release\kmrootkit.tlog\inf2cat-expand.34544.read.1.tlog
c:\users\ilay\source\repos\kmrootkit\kmrootkit\x64\release\kmrootkit.tlog\inf2cat-expand.34544.write.1.tlog
c:\users\ilay\source\repos\kmrootkit\kmrootkit\x64\release\kmrootkit.tlog\inf2cat-expand.34572.read.1.tlog
c:\users\ilay\source\repos\kmrootkit\kmrootkit\x64\release\kmrootkit.tlog\inf2cat-expand.34572.write.1.tlog
c:\users\ilay\source\repos\kmrootkit\kmrootkit\x64\release\kmrootkit.tlog\inf2cat-expand.4296.read.1.tlog
c:\users\ilay\source\repos\kmrootkit\kmrootkit\x64\release\kmrootkit.tlog\inf2cat-expand.4296.write.1.tlog
c:\users\ilay\source\repos\kmrootkit\kmrootkit\x64\release\kmrootkit.tlog\inf2cat-expand.5748.read.1.tlog
c:\users\ilay\source\repos\kmrootkit\kmrootkit\x64\release\kmrootkit.tlog\inf2cat-expand.5748.write.1.tlog
c:\users\ilay\source\repos\kmrootkit\kmrootkit\x64\release\kmrootkit.tlog\inf2cat-expand.7432.read.1.tlog
c:\users\ilay\source\repos\kmrootkit\kmrootkit\x64\release\kmrootkit.tlog\inf2cat-expand.7432.write.1.tlog
c:\users\ilay\source\repos\kmrootkit\kmrootkit\x64\release\kmrootkit.tlog\inf2cat-expand.8552.read.1.tlog
c:\users\ilay\source\repos\kmrootkit\kmrootkit\x64\release\kmrootkit.tlog\inf2cat-expand.8552.write.1.tlog
c:\users\ilay\source\repos\kmrootkit\kmrootkit\x64\release\kmrootkit.tlog\inf2cat-expand.read.1.tlog
c:\users\ilay\source\repos\kmrootkit\kmrootkit\x64\release\kmrootkit.tlog\inf2cat-expand.write.1.tlog
c:\users\ilay\source\repos\kmrootkit\kmrootkit\x64\release\kmrootkit.tlog\inf2cat.command.1.tlog
c:\users\ilay\source\repos\kmrootkit\kmrootkit\x64\release\kmrootkit.tlog\inf2cat.read.1.tlog
c:\users\ilay\source\repos\kmrootkit\kmrootkit\x64\release\kmrootkit.tlog\inf2cat.write.1.tlog
c:\users\ilay\source\repos\kmrootkit\kmrootkit\x64\release\kmrootkit.tlog\link.command.1.tlog
c:\users\ilay\source\repos\kmrootkit\kmrootkit\x64\release\kmrootkit.tlog\link.read.1.tlog
c:\users\ilay\source\repos\kmrootkit\kmrootkit\x64\release\kmrootkit.tlog\link.write.1.tlog
c:\users\ilay\source\repos\kmrootkit\kmrootkit\x64\release\kmrootkit.tlog\signtool.command.1.tlog
c:\users\ilay\source\repos\kmrootkit\kmrootkit\x64\release\kmrootkit.tlog\signtool.read.1.tlog
c:\users\ilay\source\repos\kmrootkit\kmrootkit\x64\release\kmrootkit.tlog\signtool.timestamp.1.tlog
c:\users\ilay\source\repos\kmrootkit\kmrootkit\x64\release\kmrootkit.tlog\signtool.write.1.tlog
c:\users\ilay\source\repos\kmrootkit\kmrootkit\x64\release\kmrootkit.tlog\stampinf.command.1.tlog
c:\users\ilay\source\repos\kmrootkit\kmrootkit\x64\release\kmrootkit.tlog\stampinf.read.1.tlog
c:\users\ilay\source\repos\kmrootkit\kmrootkit\x64\release\kmrootkit.tlog\stampinf.write.1.tlog
